# JRE version: Java(TM) SE Runtime Environment (8.0_202-b08) (build 1.8.0_202-b08)
# Java VM: Java HotSpot(TM) 64-Bit Server VM (25.202-b08 mixed mode windows-amd64 compressed oops)
Heap:
 PSYoungGen      total 425984K, used 64169K [0x00000006c0780000, 0x00000006dc780000, 0x00000007c0000000)
  eden space 393216K, 9% used [0x00000006c0780000,0x00000006c2b9ed08,0x00000006d8780000)
  from space 32768K, 82% used [0x00000006da780000,0x00000006dc20b9b0,0x00000006dc780000)
  to   space 32768K, 0% used [0x00000006d8780000,0x00000006d8780000,0x00000006da780000)
 ParOldGen       total 524288K, used 228839K [0x00000004c1600000, 0x00000004e1600000, 0x00000006c0780000)
  object space 524288K, 43% used [0x00000004c1600000,0x00000004cf579ff0,0x00000004e1600000)
 Metaspace       used 14580K, capacity 14870K, committed 14976K, reserved 1062912K
  class space    used 1769K, capacity 1855K, committed 1920K, reserved 1048576K
GC Heap History (4 events):
Event: 1.083 GC heap before
{Heap before GC invocations=1 (full 0):
 PSYoungGen      total 229376K, used 196608K [0x00000006c0780000, 0x00000006d0780000, 0x00000007c0000000)
  eden space 196608K, 100% used [0x00000006c0780000,0x00000006cc780000,0x00000006cc780000)
  from space 32768K, 0% used [0x00000006ce780000,0x00000006ce780000,0x00000006d0780000)
  to   space 32768K, 0% used [0x00000006cc780000,0x00000006cc780000,0x00000006ce780000)
 ParOldGen       total 524288K, used 0K [0x00000004c1600000, 0x00000004e1600000, 0x00000006c0780000)
  object space 524288K, 0% used [0x00000004c1600000,0x00000004c1600000,0x00000004e1600000)
 Metaspace       used 14558K, capacity 14806K, committed 14976K, reserved 1062912K
  class space    used 1769K, capacity 1855K, committed 1920K, reserved 1048576K
Event: 1.108 GC heap after
Heap after GC invocations=1 (full 0):
 PSYoungGen      total 229376K, used 32741K [0x00000006c0780000, 0x00000006dc780000, 0x00000007c0000000)
  eden space 196608K, 0% used [0x00000006c0780000,0x00000006c0780000,0x00000006cc780000)
  from space 32768K, 99% used [0x00000006cc780000,0x00000006ce779620,0x00000006ce780000)
  to   space 32768K, 0% used [0x00000006da780000,0x00000006da780000,0x00000006dc780000)
 ParOldGen       total 524288K, used 114712K [0x00000004c1600000, 0x00000004e1600000, 0x00000006c0780000)
  object space 524288K, 21% used [0x00000004c1600000,0x00000004c86061b0,0x00000004e1600000)
 Metaspace       used 14558K, capacity 14806K, committed 14976K, reserved 1062912K
  class space    used 1769K, capacity 1855K, committed 1920K, reserved 1048576K
}
Event: 1.238 GC heap before
{Heap before GC invocations=2 (full 0):
 PSYoungGen      total 229376K, used 227218K [0x00000006c0780000, 0x00000006dc780000, 0x00000007c0000000)
  eden space 196608K, 98% used [0x00000006c0780000,0x00000006cc56b548,0x00000006cc780000)
  from space 32768K, 99% used [0x00000006cc780000,0x00000006ce779620,0x00000006ce780000)
  to   space 32768K, 0% used [0x00000006da780000,0x00000006da780000,0x00000006dc780000)
 ParOldGen       total 524288K, used 114712K [0x00000004c1600000, 0x00000004e1600000, 0x00000006c0780000)
  object space 524288K, 21% used [0x00000004c1600000,0x00000004c86061b0,0x00000004e1600000)
 Metaspace       used 14580K, capacity 14870K, committed 14976K, reserved 1062912K
  class space    used 1769K, capacity 1855K, committed 1920K, reserved 1048576K
Event: 1.285 GC heap after
Heap after GC invocations=2 (full 0):
 PSYoungGen      total 425984K, used 27182K [0x00000006c0780000, 0x00000006dc780000, 0x00000007c0000000)
  eden space 393216K, 0% used [0x00000006c0780000,0x00000006c0780000,0x00000006d8780000)
  from space 32768K, 82% used [0x00000006da780000,0x00000006dc20b9b0,0x00000006dc780000)
  to   space 32768K, 0% used [0x00000006d8780000,0x00000006d8780000,0x00000006da780000)
 ParOldGen       total 524288K, used 228839K [0x00000004c1600000, 0x00000004e1600000, 0x00000006c0780000)
  object space 524288K, 43% used [0x00000004c1600000,0x00000004cf579ff0,0x00000004e1600000)
 Metaspace       used 14580K, capacity 14870K, committed 14976K, reserved 1062912K
  class space    used 1769K, capacity 1855K, committed 1920K, reserved 1048576K
}

